<?xml version="1.0" encoding="UTF-8"?>
<!-- Generated by org.testng.reporters.JUnitXMLReporter -->
<testsuite ignored="0" hostname="DESKTOP-1S0FTNR" failures="1" tests="4" name="Test" time="67.376" errors="0" timestamp="22 Nov 2022 04:30:25 GMT">
  <testcase classname="testcase.Mytestfw" name="LoginTest" time="12.581"/>
  <testcase classname="testcase.Mytestfw" name="LoginTest" time="12.678"/>
  <testcase classname="testcase.Mytestfw" name="LoginTest" time="6.376">
    <failure type="org.openqa.selenium.ElementNotInteractableException" message="element not interactable
  (Session info: chrome=107.0.5304.107)
Build info: version: &amp;apos;4.6.0&amp;apos;, revision: &amp;apos;79f1c02ae20&amp;apos;
System info: os.name: &amp;apos;Windows 10&amp;apos;, os.arch: &amp;apos;amd64&amp;apos;, os.version: &amp;apos;10.0&amp;apos;, java.version: &amp;apos;19.0.1&amp;apos;
Driver info: org.openqa.selenium.chrome.ChromeDriver
Command: [1be019267a6d7951c4e323654ffdeb96, sendKeysToElement {id=9b321408-c53d-4efe-9500-a65d85bbb0c9, value=[Ljava.lang.CharSequence;@58d6b7b9}]
Capabilities {acceptInsecureCerts: false, browserName: chrome, browserVersion: 107.0.5304.107, chrome: {chromedriverVersion: 107.0.5304.62 (1eec40d3a576..., userDataDir: C:\Users\Hp\AppData\Local\T...}, goog:chromeOptions: {debuggerAddress: localhost:63017}, networkConnectionEnabled: false, pageLoadStrategy: normal, platformName: WINDOWS, proxy: Proxy(), se:cdp: ws://localhost:63017/devtoo..., se:cdpVersion: 107.0.5304.107, setWindowRect: true, strictFileInteractability: false, timeouts: {implicit: 0, pageLoad: 300000, script: 30000}, unhandledPromptBehavior: dismiss and notify, webauthn:extension:credBlob: true, webauthn:extension:largeBlob: true, webauthn:virtualAuthenticators: true}
Element: [[ChromeDriver: chrome on WINDOWS (1be019267a6d7951c4e323654ffdeb96)] -&amp;gt; id: password]
Session ID: 1be019267a6d7951c4e323654ffdeb96">
      <![CDATA[org.openqa.selenium.ElementNotInteractableException: element not interactable  (Session info: chrome=107.0.5304.107)Build info: version: '4.6.0', revision: '79f1c02ae20'System info: os.name: 'Windows 10', os.arch: 'amd64', os.version: '10.0', java.version: '19.0.1'Driver info: org.openqa.selenium.chrome.ChromeDriverCommand: [1be019267a6d7951c4e323654ffdeb96, sendKeysToElement {id=9b321408-c53d-4efe-9500-a65d85bbb0c9, value=[Ljava.lang.CharSequence;@58d6b7b9}]Capabilities {acceptInsecureCerts: false, browserName: chrome, browserVersion: 107.0.5304.107, chrome: {chromedriverVersion: 107.0.5304.62 (1eec40d3a576..., userDataDir: C:\Users\Hp\AppData\Local\T...}, goog:chromeOptions: {debuggerAddress: localhost:63017}, networkConnectionEnabled: false, pageLoadStrategy: normal, platformName: WINDOWS, proxy: Proxy(), se:cdp: ws://localhost:63017/devtoo..., se:cdpVersion: 107.0.5304.107, setWindowRect: true, strictFileInteractability: false, timeouts: {implicit: 0, pageLoad: 300000, script: 30000}, unhandledPromptBehavior: dismiss and notify, webauthn:extension:credBlob: true, webauthn:extension:largeBlob: true, webauthn:virtualAuthenticators: true}Element: [[ChromeDriver: chrome on WINDOWS (1be019267a6d7951c4e323654ffdeb96)] -> id: password]Session ID: 1be019267a6d7951c4e323654ffdeb96at org.openqa.selenium.remote.codec.w3c.W3CHttpResponseCodec.createException(W3CHttpResponseCodec.java:200)at org.openqa.selenium.remote.codec.w3c.W3CHttpResponseCodec.decode(W3CHttpResponseCodec.java:133)at org.openqa.selenium.remote.codec.w3c.W3CHttpResponseCodec.decode(W3CHttpResponseCodec.java:53)at org.openqa.selenium.remote.HttpCommandExecutor.execute(HttpCommandExecutor.java:184)at org.openqa.selenium.remote.service.DriverCommandExecutor.invokeExecute(DriverCommandExecutor.java:167)at org.openqa.selenium.remote.service.DriverCommandExecutor.execute(DriverCommandExecutor.java:142)at org.openqa.selenium.remote.RemoteWebDriver.execute(RemoteWebDriver.java:541)at org.openqa.selenium.remote.RemoteWebElement.execute(RemoteWebElement.java:257)at org.openqa.selenium.remote.RemoteWebElement.sendKeys(RemoteWebElement.java:113)at testcase.Mytestfw.LoginTest(Mytestfw.java:26)... Removed 26 stack frames]]>
    </failure>
  </testcase> <!-- LoginTest -->
  <testcase classname="testcase.Mytestfw" name="LoginTest" time="13.199"/>
</testsuite> <!-- Test -->
